This file contains any messages produced by compilers while
running configure, to aid debugging if configure makes a mistake.

It was created by configure, which was
generated by GNU Autoconf 2.61.  Invocation command line was

  $ ./configure 

## --------- ##
## Platform. ##
## --------- ##

hostname = install.tailoredservers.com
uname -m = i686
uname -r = 2.6.9-42.0.10.ELsmp
uname -s = Linux
uname -v = #1 SMP Tue Feb 27 10:11:19 EST 2007

/usr/bin/uname -p = unknown
/bin/uname -X     = unknown

/bin/arch              = i686
/usr/bin/arch -k       = unknown
/usr/convex/getsysinfo = unknown
/usr/bin/hostinfo      = unknown
/bin/machine           = unknown
/usr/bin/oslevel       = unknown
/bin/universe          = unknown

PATH: /usr/local/jdk/bin
PATH: /usr/kerberos/sbin
PATH: /usr/kerberos/bin
PATH: /usr/lib/courier-imap/sbin
PATH: /usr/lib/courier-imap/bin
PATH: /usr/local/sbin
PATH: /usr/local/bin
PATH: /sbin
PATH: /bin
PATH: /usr/sbin
PATH: /usr/bin
PATH: /usr/X11R6/bin
PATH: /usr/local/bin
PATH: /usr/X11R6/bin
PATH: /root/bin


## ----------- ##
## Core tests. ##
## ----------- ##

configure:1873: checking whether make sets $(MAKE)
configure:1894: result: yes
configure:1951: checking for gcc
configure:1967: found /usr/bin/gcc
configure:1978: result: gcc
configure:2216: checking for C compiler version
configure:2223: gcc --version >&5
gcc (GCC) 3.4.6 20060404 (Red Hat 3.4.6-9)
Copyright (C) 2006 Free Software Foundation, Inc.
This is free software; see the source for copying conditions.  There is NO
warranty; not even for MERCHANTABILITY or FITNESS FOR A PARTICULAR PURPOSE.

configure:2226: $? = 0
configure:2233: gcc -v >&5
Reading specs from /usr/lib/gcc/i386-redhat-linux/3.4.6/specs
Configured with: ../configure --prefix=/usr --mandir=/usr/share/man --infodir=/usr/share/info --enable-shared --enable-threads=posix --disable-checking --with-system-zlib --enable-__cxa_atexit --disable-libunwind-exceptions --enable-java-awt=gtk --host=i386-redhat-linux
Thread model: posix
gcc version 3.4.6 20060404 (Red Hat 3.4.6-9)
configure:2236: $? = 0
configure:2243: gcc -V >&5
gcc: `-V' option must have argument
configure:2246: $? = 1
configure:2269: checking for C compiler default output file name
configure:2296: gcc    conftest.c  >&5
configure:2299: $? = 0
configure:2337: result: a.out
configure:2354: checking whether the C compiler works
configure:2364: ./a.out
configure:2367: $? = 0
configure:2384: result: yes
configure:2391: checking whether we are cross compiling
configure:2393: result: no
configure:2396: checking for suffix of executables
configure:2403: gcc -o conftest    conftest.c  >&5
configure:2406: $? = 0
configure:2430: result: 
configure:2436: checking for suffix of object files
configure:2462: gcc -c   conftest.c >&5
configure:2465: $? = 0
configure:2488: result: o
configure:2492: checking whether we are using the GNU C compiler
configure:2521: gcc -c   conftest.c >&5
configure:2527: $? = 0
configure:2544: result: yes
configure:2549: checking whether gcc accepts -g
configure:2579: gcc -c -g  conftest.c >&5
configure:2585: $? = 0
configure:2684: result: yes
configure:2701: checking for gcc option to accept ISO C89
configure:2775: gcc  -c -g -O2  conftest.c >&5
configure:2781: $? = 0
configure:2804: result: none needed
configure:2827: checking how to run the C preprocessor
configure:2867: gcc -E  conftest.c
configure:2873: $? = 0
configure:2904: gcc -E  conftest.c
conftest.c:8:28: ac_nonexistent.h: No such file or directory
configure:2910: $? = 1
configure: failed program was:
| /* confdefs.h.  */
| #define PACKAGE_NAME ""
| #define PACKAGE_TARNAME ""
| #define PACKAGE_VERSION ""
| #define PACKAGE_STRING ""
| #define PACKAGE_BUGREPORT ""
| /* end confdefs.h.  */
| #include <ac_nonexistent.h>
configure:2943: result: gcc -E
configure:2972: gcc -E  conftest.c
configure:2978: $? = 0
configure:3009: gcc -E  conftest.c
conftest.c:8:28: ac_nonexistent.h: No such file or directory
configure:3015: $? = 1
configure: failed program was:
| /* confdefs.h.  */
| #define PACKAGE_NAME ""
| #define PACKAGE_TARNAME ""
| #define PACKAGE_VERSION ""
| #define PACKAGE_STRING ""
| #define PACKAGE_BUGREPORT ""
| /* end confdefs.h.  */
| #include <ac_nonexistent.h>
configure:3066: checking for grep that handles long lines and -e
configure:3140: result: /bin/grep
configure:3145: checking for egrep
configure:3223: result: /bin/grep -E
configure:3228: checking for ANSI C header files
configure:3258: gcc -c -g -O2 -pipe -ffast-math -Wall -Wno-sign-compare  -I../common conftest.c >&5
configure:3264: $? = 0
configure:3363: gcc -o conftest -g -O2 -pipe -ffast-math -Wall -Wno-sign-compare  -I../common  conftest.c  >&5
configure:3366: $? = 0
configure:3372: ./conftest
configure:3375: $? = 0
configure:3392: result: yes
configure:3416: checking for sys/types.h
configure:3437: gcc -c -g -O2 -pipe -ffast-math -Wall -Wno-sign-compare  -I../common conftest.c >&5
configure:3443: $? = 0
configure:3459: result: yes
configure:3416: checking for sys/stat.h
configure:3437: gcc -c -g -O2 -pipe -ffast-math -Wall -Wno-sign-compare  -I../common conftest.c >&5
configure:3443: $? = 0
configure:3459: result: yes
configure:3416: checking for stdlib.h
configure:3437: gcc -c -g -O2 -pipe -ffast-math -Wall -Wno-sign-compare  -I../common conftest.c >&5
configure:3443: $? = 0
configure:3459: result: yes
configure:3416: checking for string.h
configure:3437: gcc -c -g -O2 -pipe -ffast-math -Wall -Wno-sign-compare  -I../common conftest.c >&5
configure:3443: $? = 0
configure:3459: result: yes
configure:3416: checking for memory.h
configure:3437: gcc -c -g -O2 -pipe -ffast-math -Wall -Wno-sign-compare  -I../common conftest.c >&5
configure:3443: $? = 0
configure:3459: result: yes
configure:3416: checking for strings.h
configure:3437: gcc -c -g -O2 -pipe -ffast-math -Wall -Wno-sign-compare  -I../common conftest.c >&5
configure:3443: $? = 0
configure:3459: result: yes
configure:3416: checking for inttypes.h
configure:3437: gcc -c -g -O2 -pipe -ffast-math -Wall -Wno-sign-compare  -I../common conftest.c >&5
configure:3443: $? = 0
configure:3459: result: yes
configure:3416: checking for stdint.h
configure:3437: gcc -c -g -O2 -pipe -ffast-math -Wall -Wno-sign-compare  -I../common conftest.c >&5
configure:3443: $? = 0
configure:3459: result: yes
configure:3416: checking for unistd.h
configure:3437: gcc -c -g -O2 -pipe -ffast-math -Wall -Wno-sign-compare  -I../common conftest.c >&5
configure:3443: $? = 0
configure:3459: result: yes
configure:3471: checking whether byte ordering is bigendian
configure:3504: gcc -c -g -O2 -pipe -ffast-math -Wall -Wno-sign-compare  -I../common conftest.c >&5
configure:3510: $? = 0
configure:3542: gcc -c -g -O2 -pipe -ffast-math -Wall -Wno-sign-compare  -I../common conftest.c >&5
conftest.c: In function `main':
conftest.c:25: error: `not' undeclared (first use in this function)
conftest.c:25: error: (Each undeclared identifier is reported only once
conftest.c:25: error: for each function it appears in.)
conftest.c:25: error: syntax error before "big"
configure:3548: $? = 1
configure: failed program was:
| /* confdefs.h.  */
| #define PACKAGE_NAME ""
| #define PACKAGE_TARNAME ""
| #define PACKAGE_VERSION ""
| #define PACKAGE_STRING ""
| #define PACKAGE_BUGREPORT ""
| #define STDC_HEADERS 1
| #define HAVE_SYS_TYPES_H 1
| #define HAVE_SYS_STAT_H 1
| #define HAVE_STDLIB_H 1
| #define HAVE_STRING_H 1
| #define HAVE_MEMORY_H 1
| #define HAVE_STRINGS_H 1
| #define HAVE_INTTYPES_H 1
| #define HAVE_STDINT_H 1
| #define HAVE_UNISTD_H 1
| /* end confdefs.h.  */
| #include <sys/types.h>
| #include <sys/param.h>
| 
| int
| main ()
| {
| #if BYTE_ORDER != BIG_ENDIAN
|  not big endian
| #endif
| 
|   ;
|   return 0;
| }
configure:3688: result: no
configure:3705: checking whether pointers can be stored in ints (old code)
configure:3729: gcc -c -g -O2 -pipe -ffast-math -Wall -Wno-sign-compare  -I../common conftest.c >&5
conftest.c:18: warning: 'test_array' defined but not used
configure:3735: $? = 0
configure:3796: result: yes
configure:3805: checking whether gcc supports -Wno-unused-parameter
configure:3818: gcc -c -g -O2 -pipe -ffast-math -Wall -Wno-sign-compare -Wno-unused-parameter  -I../common conftest.c >&5
configure:3824: $? = 0
configure:3829: result: yes
configure:3846: checking whether gcc supports -Wno-pointer-sign
configure:3859: gcc -c -g -O2 -pipe -ffast-math -Wall -Wno-sign-compare -Wno-unused-parameter -Wno-pointer-sign  -I../common conftest.c >&5
cc1: error: unrecognized command line option "-Wno-pointer-sign"
configure:3865: $? = 1
configure: failed program was:
| int foo;
configure:3877: result: no
configure:3887: checking whether gcc supports -Wno-switch
configure:3900: gcc -c -g -O2 -pipe -ffast-math -Wall -Wno-sign-compare -Wno-unused-parameter -Wno-switch  -I../common conftest.c >&5
configure:3906: $? = 0
configure:3911: result: yes
configure:4387: checking for inflateEnd in -lz
configure:4422: gcc -o conftest -g -O2 -pipe -ffast-math -Wall -Wno-sign-compare -Wno-unused-parameter -Wno-switch  -I../common -I/usr/include  -L/usr/lib conftest.c -lz   >&5
configure:4428: $? = 0
configure:4446: result: yes
configure:4471: checking zlib.h usability
configure:4488: gcc -c -g -O2 -pipe -ffast-math -Wall -Wno-sign-compare -Wno-unused-parameter -Wno-switch  -I../common -I/usr/include conftest.c >&5
configure:4494: $? = 0
configure:4508: result: yes
configure:4512: checking zlib.h presence
configure:4527: gcc -E  -I../common -I/usr/include conftest.c
configure:4533: $? = 0
configure:4547: result: yes
configure:4575: checking for zlib.h
configure:4582: result: yes
configure:4601: checking for sqrt in -lm
configure:4636: gcc -o conftest -g -O2 -pipe -ffast-math -Wall -Wno-sign-compare -Wno-unused-parameter -Wno-switch  -I../common -I/usr/include  -L/usr/lib conftest.c -lm  -lz  >&5
conftest.c:26: warning: conflicting types for built-in function 'sqrt'
configure:4642: $? = 0
configure:4660: result: yes
configure:4681: checking for clock_gettime in -lrt
configure:4716: gcc -o conftest -g -O2 -pipe -ffast-math -Wall -Wno-sign-compare -Wno-unused-parameter -Wno-switch  -I../common -I/usr/include  -L/usr/lib conftest.c -lrt  -lm -lz  >&5
configure:4722: $? = 0
configure:4740: result: yes
configure:4767: checking for mysql_config
configure:4785: found /usr/bin/mysql_config
configure:4798: result: /usr/bin/mysql_config
configure:4815: checking for mysql_init in -lmysqlclient
configure:4850: gcc -o conftest -g -O2 -pipe -ffast-math -Wall -Wno-sign-compare -Wno-unused-parameter -Wno-switch  -I../common -I/usr/include -I/usr/include/mysql  -L/usr/lib -L/usr/lib/mysql -lmysqlclient -lz -lcrypt -lnsl -lm conftest.c -lmysqlclient  -lrt -lm -lz  >&5
configure:4856: $? = 0
configure:4874: result: yes
configure:4890: checking mysql.h usability
configure:4907: gcc -c -g -O2 -pipe -ffast-math -Wall -Wno-sign-compare -Wno-unused-parameter -Wno-switch  -I../common -I/usr/include -I/usr/include/mysql conftest.c >&5
configure:4913: $? = 0
configure:4927: result: yes
configure:4931: checking mysql.h presence
configure:4946: gcc -E  -I../common -I/usr/include -I/usr/include/mysql conftest.c
configure:4952: $? = 0
configure:4966: result: yes
configure:4994: checking for mysql.h
configure:5001: result: yes
configure:5015: checking MySQL library (optional)
configure:5018: result: yes (4.1.22)
configure:5055: checking for pcre_study in -lpcre
configure:5090: gcc -o conftest -g -O2 -pipe -ffast-math -Wall -Wno-sign-compare -Wno-unused-parameter -Wno-switch  -I../common -I/usr/include  -L/usr/lib conftest.c -lpcre  -lrt -lm -lz  >&5
/usr/bin/ld: cannot find -lpcre
collect2: ld returned 1 exit status
configure:5096: $? = 1
configure: failed program was:
| /* confdefs.h.  */
| #define PACKAGE_NAME ""
| #define PACKAGE_TARNAME ""
| #define PACKAGE_VERSION ""
| #define PACKAGE_STRING ""
| #define PACKAGE_BUGREPORT ""
| #define STDC_HEADERS 1
| #define HAVE_SYS_TYPES_H 1
| #define HAVE_SYS_STAT_H 1
| #define HAVE_STDLIB_H 1
| #define HAVE_STRING_H 1
| #define HAVE_MEMORY_H 1
| #define HAVE_STRINGS_H 1
| #define HAVE_INTTYPES_H 1
| #define HAVE_STDINT_H 1
| #define HAVE_UNISTD_H 1
| #define HAVE_LIBZ 1
| #define HAVE_LIBM 1
| #define HAVE_LIBRT 1
| /* end confdefs.h.  */
| 
| /* Override any GCC internal prototype to avoid an error.
|    Use char because int might match the return type of a GCC
|    builtin and then its argument prototype would still apply.  */
| #ifdef __cplusplus
| extern "C"
| #endif
| char pcre_study ();
| int
| main ()
| {
| return pcre_study ();
|   ;
|   return 0;
| }
configure:5114: result: no
configure:5198: checking PCRE library (optional)
configure:5204: result: no
configure:5211: disabling PCRE (optional)
configure:5225: checking host OS
configure:5228: result: Linux
configure:5253: checking for MinGW
configure:5264: result: no
configure:5401: creating ./config.status

## ---------------------- ##
## Running config.status. ##
## ---------------------- ##

This file was extended by config.status, which was
generated by GNU Autoconf 2.61.  Invocation command line was

  CONFIG_FILES    = 
  CONFIG_HEADERS  = 
  CONFIG_LINKS    = 
  CONFIG_COMMANDS = 
  $ ./config.status 

on install.tailoredservers.com

config.status:594: creating Makefile
config.status:594: creating src/common/Makefile
config.status:594: creating src/char/Makefile
config.status:594: creating src/login/Makefile
config.status:594: creating src/ladmin/Makefile
config.status:594: creating src/char_sql/Makefile
config.status:594: creating src/login_sql/Makefile
config.status:594: creating src/txt-converter/Makefile
config.status:594: creating src/map/Makefile
config.status:594: creating src/plugins/Makefile
config.status:594: creating src/tool/Makefile

## ---------------- ##
## Cache variables. ##
## ---------------- ##

ac_cv_c_bigendian=no
ac_cv_c_compiler_gnu=yes
ac_cv_env_CC_set=
ac_cv_env_CC_value=
ac_cv_env_CFLAGS_set=
ac_cv_env_CFLAGS_value=
ac_cv_env_CPPFLAGS_set=
ac_cv_env_CPPFLAGS_value=
ac_cv_env_CPP_set=
ac_cv_env_CPP_value=
ac_cv_env_LDFLAGS_set=
ac_cv_env_LDFLAGS_value=
ac_cv_env_LIBS_set=
ac_cv_env_LIBS_value=
ac_cv_env_build_alias_set=
ac_cv_env_build_alias_value=
ac_cv_env_host_alias_set=
ac_cv_env_host_alias_value=
ac_cv_env_target_alias_set=
ac_cv_env_target_alias_value=
ac_cv_header_inttypes_h=yes
ac_cv_header_memory_h=yes
ac_cv_header_mysql_h=yes
ac_cv_header_stdc=yes
ac_cv_header_stdint_h=yes
ac_cv_header_stdlib_h=yes
ac_cv_header_string_h=yes
ac_cv_header_strings_h=yes
ac_cv_header_sys_stat_h=yes
ac_cv_header_sys_types_h=yes
ac_cv_header_unistd_h=yes
ac_cv_header_zlib_h=yes
ac_cv_lib_m_sqrt=yes
ac_cv_lib_mysqlclient_mysql_init=yes
ac_cv_lib_pcre_pcre_study=no
ac_cv_lib_rt_clock_gettime=yes
ac_cv_lib_z_inflateEnd=yes
ac_cv_objext=o
ac_cv_path_EGREP='/bin/grep -E'
ac_cv_path_GREP=/bin/grep
ac_cv_path_MYSQL_CONFIG_HOME=/usr/bin/mysql_config
ac_cv_prog_CPP='gcc -E'
ac_cv_prog_ac_ct_CC=gcc
ac_cv_prog_cc_c89=
ac_cv_prog_cc_g=yes
ac_cv_prog_make_make_set=yes

## ----------------- ##
## Output variables. ##
## ----------------- ##

CC='gcc'
CFLAGS='-g -O2 -pipe -ffast-math -Wall -Wno-sign-compare -Wno-unused-parameter -Wno-switch'
CPP='gcc -E'
CPPFLAGS=' -I../common -I/usr/include'
DEFS='-DPACKAGE_NAME=\"\" -DPACKAGE_TARNAME=\"\" -DPACKAGE_VERSION=\"\" -DPACKAGE_STRING=\"\" -DPACKAGE_BUGREPORT=\"\" -DSTDC_HEADERS=1 -DHAVE_SYS_TYPES_H=1 -DHAVE_SYS_STAT_H=1 -DHAVE_STDLIB_H=1 -DHAVE_STRING_H=1 -DHAVE_MEMORY_H=1 -DHAVE_STRINGS_H=1 -DHAVE_INTTYPES_H=1 -DHAVE_STDINT_H=1 -DHAVE_UNISTD_H=1 -DHAVE_LIBZ=1 -DHAVE_LIBM=1 -DHAVE_LIBRT=1'
DLLEXT='.so'
ECHO_C=''
ECHO_N='-n'
ECHO_T=''
EGREP='/bin/grep -E'
EXEEXT=''
GREP='/bin/grep'
HAVE_MYSQL='yes'
HAVE_PCRE=''
LDFLAGS=' -L/usr/lib'
LIBOBJS=''
LIBS='-lrt -lm -lz  -ldl'
LTLIBOBJS=''
MYSQL_CFLAGS='-I/usr/include/mysql'
MYSQL_CONFIG_HOME='/usr/bin/mysql_config'
MYSQL_LIBS='-L/usr/lib/mysql -lmysqlclient -lz -lcrypt -lnsl -lm'
MYSQL_VERSION='4.1.22'
OBJEXT='o'
PACKAGE_BUGREPORT=''
PACKAGE_NAME=''
PACKAGE_STRING=''
PACKAGE_TARNAME=''
PACKAGE_VERSION=''
PATH_SEPARATOR=':'
PCRE_CFLAGS=''
PCRE_LIBS=''
SET_MAKE=''
SHELL='/bin/sh'
ac_ct_CC='gcc'
bindir='${exec_prefix}/bin'
build_alias=''
datadir='${datarootdir}'
datarootdir='${prefix}/share'
docdir='${datarootdir}/doc/${PACKAGE}'
dvidir='${docdir}'
exec_prefix='${prefix}'
host_alias=''
htmldir='${docdir}'
includedir='${prefix}/include'
infodir='${datarootdir}/info'
libdir='${exec_prefix}/lib'
libexecdir='${exec_prefix}/libexec'
localedir='${datarootdir}/locale'
localstatedir='${prefix}/var'
mandir='${datarootdir}/man'
oldincludedir='/usr/include'
pdfdir='${docdir}'
prefix='/usr/local'
program_transform_name='s,x,x,'
psdir='${docdir}'
sbindir='${exec_prefix}/sbin'
sharedstatedir='${prefix}/com'
sysconfdir='${prefix}/etc'
target_alias=''

## ----------- ##
## confdefs.h. ##
## ----------- ##

#define PACKAGE_NAME ""
#define PACKAGE_TARNAME ""
#define PACKAGE_VERSION ""
#define PACKAGE_STRING ""
#define PACKAGE_BUGREPORT ""
#define STDC_HEADERS 1
#define HAVE_SYS_TYPES_H 1
#define HAVE_SYS_STAT_H 1
#define HAVE_STDLIB_H 1
#define HAVE_STRING_H 1
#define HAVE_MEMORY_H 1
#define HAVE_STRINGS_H 1
#define HAVE_INTTYPES_H 1
#define HAVE_STDINT_H 1
#define HAVE_UNISTD_H 1
#define HAVE_LIBZ 1
#define HAVE_LIBM 1
#define HAVE_LIBRT 1

configure: exit 0
