This file contains any messages produced by compilers while
running configure, to aid debugging if configure makes a mistake.

It was created by configure, which was
generated by GNU Autoconf 2.61.  Invocation command line was

  $ ./configure --with-mysql

## --------- ##
## Platform. ##
## --------- ##

hostname = bowie
uname -m = i686
uname -r = 1.5.25(0.156/4/2)
uname -s = CYGWIN_NT-5.1
uname -v = 2008-06-12 19:34

/usr/bin/uname -p = unknown
/bin/uname -X     = unknown

/bin/arch              = i686
/usr/bin/arch -k       = unknown
/usr/convex/getsysinfo = unknown
/usr/bin/hostinfo      = unknown
/bin/machine           = unknown
/usr/bin/oslevel       = unknown
/bin/universe          = unknown

PATH: /usr/local/bin
PATH: /usr/bin
PATH: /bin
PATH: /usr/X11R6/bin
PATH: /cygdrive/c/WINDOWS/system32
PATH: /cygdrive/c/WINDOWS
PATH: /cygdrive/c/WINDOWS/System32/Wbem
PATH: /cygdrive/c/Program/Microsoft SQL Server/90/Tools/binn/
PATH: /cygdrive/c/Program/TortoiseSVN/bin
PATH: /cygdrive/c/Program/Delade filer/Adobe/AGL


## ----------- ##
## Core tests. ##
## ----------- ##

configure:1928: checking whether make sets $(MAKE)
configure:1949: result: yes
configure:2006: checking for gcc
configure:2022: found /usr/bin/gcc
configure:2033: result: gcc
configure:2271: checking for C compiler version
configure:2278: gcc --version >&5
gcc (GCC) 3.4.4 (cygming special, gdc 0.12, using dmd 0.125)
Copyright (C) 2004 Free Software Foundation, Inc.
This is free software; see the source for copying conditions.  There is NO
warranty; not even for MERCHANTABILITY or FITNESS FOR A PARTICULAR PURPOSE.

configure:2281: $? = 0
configure:2288: gcc -v >&5
Reading specs from /usr/lib/gcc/i686-pc-cygwin/3.4.4/specs
Configured with: /usr/build/package/orig/test.respin/gcc-3.4.4-3/configure --verbose --prefix=/usr --exec-prefix=/usr --sysconfdir=/etc --libdir=/usr/lib --libexecdir=/usr/lib --mandir=/usr/share/man --infodir=/usr/share/info --enable-languages=c,ada,c++,d,f77,pascal,java,objc --enable-nls --without-included-gettext --enable-version-specific-runtime-libs --without-x --enable-libgcj --disable-java-awt --with-system-zlib --enable-interpreter --disable-libgcj-debug --enable-threads=posix --enable-java-gc=boehm --disable-win32-registry --enable-sjlj-exceptions --enable-hash-synchronization --enable-libstdcxx-debug
Thread model: posix
gcc version 3.4.4 (cygming special, gdc 0.12, using dmd 0.125)
configure:2291: $? = 0
configure:2298: gcc -V >&5
gcc: `-V' option must have argument
configure:2301: $? = 1
configure:2324: checking for C compiler default output file name
configure:2351: gcc    conftest.c  >&5
configure:2354: $? = 0
configure:2392: result: a.exe
configure:2409: checking whether the C compiler works
configure:2419: ./a.exe
configure:2422: $? = 0
configure:2439: result: yes
configure:2446: checking whether we are cross compiling
configure:2448: result: no
configure:2451: checking for suffix of executables
configure:2458: gcc -o conftest.exe    conftest.c  >&5
configure:2461: $? = 0
configure:2485: result: .exe
configure:2491: checking for suffix of object files
configure:2517: gcc -c   conftest.c >&5
configure:2520: $? = 0
configure:2543: result: o
configure:2547: checking whether we are using the GNU C compiler
configure:2576: gcc -c   conftest.c >&5
configure:2582: $? = 0
configure:2599: result: yes
configure:2604: checking whether gcc accepts -g
configure:2634: gcc -c -g  conftest.c >&5
configure:2640: $? = 0
configure:2739: result: yes
configure:2756: checking for gcc option to accept ISO C89
configure:2830: gcc  -c -g -O2  conftest.c >&5
configure:2836: $? = 0
configure:2859: result: none needed
configure:2882: checking how to run the C preprocessor
configure:2922: gcc -E  conftest.c
configure:2928: $? = 0
configure:2959: gcc -E  conftest.c
conftest.c:8:28: ac_nonexistent.h: No such file or directory
configure:2965: $? = 1
configure: failed program was:
| /* confdefs.h.  */
| #define PACKAGE_NAME ""
| #define PACKAGE_TARNAME ""
| #define PACKAGE_VERSION ""
| #define PACKAGE_STRING ""
| #define PACKAGE_BUGREPORT ""
| /* end confdefs.h.  */
| #include <ac_nonexistent.h>
configure:2998: result: gcc -E
configure:3027: gcc -E  conftest.c
configure:3033: $? = 0
configure:3064: gcc -E  conftest.c
conftest.c:8:28: ac_nonexistent.h: No such file or directory
configure:3070: $? = 1
configure: failed program was:
| /* confdefs.h.  */
| #define PACKAGE_NAME ""
| #define PACKAGE_TARNAME ""
| #define PACKAGE_VERSION ""
| #define PACKAGE_STRING ""
| #define PACKAGE_BUGREPORT ""
| /* end confdefs.h.  */
| #include <ac_nonexistent.h>
configure:3121: checking for grep that handles long lines and -e
configure:3195: result: /usr/bin/grep
configure:3200: checking for egrep
configure:3278: result: /usr/bin/grep -E
configure:3283: checking for ANSI C header files
configure:3313: gcc -c -g -O2 -pipe -ffast-math -Wall -Wno-sign-compare  -I../common conftest.c >&5
configure:3319: $? = 0
configure:3418: gcc -o conftest.exe -g -O2 -pipe -ffast-math -Wall -Wno-sign-compare  -I../common  conftest.c  >&5
configure:3421: $? = 0
configure:3427: ./conftest.exe
configure:3430: $? = 0
configure:3447: result: yes
configure:3471: checking for sys/types.h
configure:3492: gcc -c -g -O2 -pipe -ffast-math -Wall -Wno-sign-compare  -I../common conftest.c >&5
configure:3498: $? = 0
configure:3514: result: yes
configure:3471: checking for sys/stat.h
configure:3492: gcc -c -g -O2 -pipe -ffast-math -Wall -Wno-sign-compare  -I../common conftest.c >&5
configure:3498: $? = 0
configure:3514: result: yes
configure:3471: checking for stdlib.h
configure:3492: gcc -c -g -O2 -pipe -ffast-math -Wall -Wno-sign-compare  -I../common conftest.c >&5
configure:3498: $? = 0
configure:3514: result: yes
configure:3471: checking for string.h
configure:3492: gcc -c -g -O2 -pipe -ffast-math -Wall -Wno-sign-compare  -I../common conftest.c >&5
configure:3498: $? = 0
configure:3514: result: yes
configure:3471: checking for memory.h
configure:3492: gcc -c -g -O2 -pipe -ffast-math -Wall -Wno-sign-compare  -I../common conftest.c >&5
configure:3498: $? = 0
configure:3514: result: yes
configure:3471: checking for strings.h
configure:3492: gcc -c -g -O2 -pipe -ffast-math -Wall -Wno-sign-compare  -I../common conftest.c >&5
configure:3498: $? = 0
configure:3514: result: yes
configure:3471: checking for inttypes.h
configure:3492: gcc -c -g -O2 -pipe -ffast-math -Wall -Wno-sign-compare  -I../common conftest.c >&5
configure:3498: $? = 0
configure:3514: result: yes
configure:3471: checking for stdint.h
configure:3492: gcc -c -g -O2 -pipe -ffast-math -Wall -Wno-sign-compare  -I../common conftest.c >&5
configure:3498: $? = 0
configure:3514: result: yes
configure:3471: checking for unistd.h
configure:3492: gcc -c -g -O2 -pipe -ffast-math -Wall -Wno-sign-compare  -I../common conftest.c >&5
configure:3498: $? = 0
configure:3514: result: yes
configure:3526: checking whether byte ordering is bigendian
configure:3559: gcc -c -g -O2 -pipe -ffast-math -Wall -Wno-sign-compare  -I../common conftest.c >&5
configure:3565: $? = 0
configure:3597: gcc -c -g -O2 -pipe -ffast-math -Wall -Wno-sign-compare  -I../common conftest.c >&5
conftest.c: In function `main':
conftest.c:25: error: `not' undeclared (first use in this function)
conftest.c:25: error: (Each undeclared identifier is reported only once
conftest.c:25: error: for each function it appears in.)
conftest.c:25: error: parse error before "big"
configure:3603: $? = 1
configure: failed program was:
| /* confdefs.h.  */
| #define PACKAGE_NAME ""
| #define PACKAGE_TARNAME ""
| #define PACKAGE_VERSION ""
| #define PACKAGE_STRING ""
| #define PACKAGE_BUGREPORT ""
| #define STDC_HEADERS 1
| #define HAVE_SYS_TYPES_H 1
| #define HAVE_SYS_STAT_H 1
| #define HAVE_STDLIB_H 1
| #define HAVE_STRING_H 1
| #define HAVE_MEMORY_H 1
| #define HAVE_STRINGS_H 1
| #define HAVE_INTTYPES_H 1
| #define HAVE_STDINT_H 1
| #define HAVE_UNISTD_H 1
| /* end confdefs.h.  */
| #include <sys/types.h>
| #include <sys/param.h>
| 
| int
| main ()
| {
| #if BYTE_ORDER != BIG_ENDIAN
|  not big endian
| #endif
| 
|   ;
|   return 0;
| }
configure:3743: result: no
configure:3760: checking whether pointers can be stored in ints (old code)
configure:3784: gcc -c -g -O2 -pipe -ffast-math -Wall -Wno-sign-compare  -I../common conftest.c >&5
conftest.c:18: warning: 'test_array' defined but not used
configure:3790: $? = 0
configure:3851: result: yes
configure:3860: checking whether gcc supports -Wno-unused-parameter
configure:3873: gcc -c -g -O2 -pipe -ffast-math -Wall -Wno-sign-compare -Wno-unused-parameter  -I../common conftest.c >&5
configure:3879: $? = 0
configure:3884: result: yes
configure:3901: checking whether gcc supports -Wno-pointer-sign
configure:3914: gcc -c -g -O2 -pipe -ffast-math -Wall -Wno-sign-compare -Wno-unused-parameter -Wno-pointer-sign  -I../common conftest.c >&5
cc1: error: unrecognized command line option "-Wno-pointer-sign"
configure:3920: $? = 1
configure: failed program was:
| int foo;
configure:3932: result: no
configure:3942: checking whether gcc supports -Wno-switch
configure:3955: gcc -c -g -O2 -pipe -ffast-math -Wall -Wno-sign-compare -Wno-unused-parameter -Wno-switch  -I../common conftest.c >&5
configure:3961: $? = 0
configure:3966: result: yes
configure:3992: checking for setrlimit
configure:4048: gcc -o conftest.exe -g -O2 -pipe -ffast-math -Wall -Wno-sign-compare -Wno-unused-parameter -Wno-switch  -I../common  conftest.c  >&5
configure:4054: $? = 0
configure:4071: result: yes
configure:4541: checking for inflateEnd in -lz
configure:4576: gcc -o conftest.exe -g -O2 -pipe -ffast-math -Wall -Wno-sign-compare -Wno-unused-parameter -Wno-switch -DHAVE_SETRLIMIT  -I../common -I/usr/include  -L/usr/lib conftest.c -lz   >&5
configure:4582: $? = 0
configure:4600: result: yes
configure:4625: checking zlib.h usability
configure:4642: gcc -c -g -O2 -pipe -ffast-math -Wall -Wno-sign-compare -Wno-unused-parameter -Wno-switch -DHAVE_SETRLIMIT  -I../common -I/usr/include conftest.c >&5
configure:4648: $? = 0
configure:4662: result: yes
configure:4666: checking zlib.h presence
configure:4681: gcc -E  -I../common -I/usr/include conftest.c
configure:4687: $? = 0
configure:4701: result: yes
configure:4729: checking for zlib.h
configure:4736: result: yes
configure:4755: checking for sqrt in -lm
configure:4790: gcc -o conftest.exe -g -O2 -pipe -ffast-math -Wall -Wno-sign-compare -Wno-unused-parameter -Wno-switch -DHAVE_SETRLIMIT  -I../common -I/usr/include  -L/usr/lib conftest.c -lm  -lz  >&5
conftest.c:26: warning: conflicting types for built-in function 'sqrt'
configure:4796: $? = 0
configure:4814: result: yes
configure:4835: checking for clock_gettime in -lrt
configure:4870: gcc -o conftest.exe -g -O2 -pipe -ffast-math -Wall -Wno-sign-compare -Wno-unused-parameter -Wno-switch -DHAVE_SETRLIMIT  -I../common -I/usr/include  -L/usr/lib conftest.c -lrt  -lm -lz  >&5
/usr/lib/gcc/i686-pc-cygwin/3.4.4/../../../../i686-pc-cygwin/bin/ld: cannot find -lrt
collect2: ld returned 1 exit status
configure:4876: $? = 1
configure: failed program was:
| /* confdefs.h.  */
| #define PACKAGE_NAME ""
| #define PACKAGE_TARNAME ""
| #define PACKAGE_VERSION ""
| #define PACKAGE_STRING ""
| #define PACKAGE_BUGREPORT ""
| #define STDC_HEADERS 1
| #define HAVE_SYS_TYPES_H 1
| #define HAVE_SYS_STAT_H 1
| #define HAVE_STDLIB_H 1
| #define HAVE_STRING_H 1
| #define HAVE_MEMORY_H 1
| #define HAVE_STRINGS_H 1
| #define HAVE_INTTYPES_H 1
| #define HAVE_STDINT_H 1
| #define HAVE_UNISTD_H 1
| #define HAVE_LIBZ 1
| #define HAVE_LIBM 1
| /* end confdefs.h.  */
| 
| /* Override any GCC internal prototype to avoid an error.
|    Use char because int might match the return type of a GCC
|    builtin and then its argument prototype would still apply.  */
| #ifdef __cplusplus
| extern "C"
| #endif
| char clock_gettime ();
| int
| main ()
| {
| return clock_gettime ();
|   ;
|   return 0;
| }
configure:4894: result: no
configure:4921: checking for mysql_config
configure:4939: found /usr/local/bin/mysql_config
configure:4952: result: /usr/local/bin/mysql_config
configure:4976: checking for mysql_init in -lmysqlclient
configure:5011: gcc -o conftest.exe -g -O2 -pipe -ffast-math -Wall -Wno-sign-compare -Wno-unused-parameter -Wno-switch -DHAVE_SETRLIMIT  -I../common -I/usr/include -I/usr/local/include/mysql  -L/usr/lib -L/usr/local/lib/mysql -lmysqlclient -lz -lcrypt -lm conftest.c -lmysqlclient  -lm -lz  >&5
configure:5017: $? = 0
configure:5035: result: yes
configure:5051: checking mysql.h usability
configure:5068: gcc -c -g -O2 -pipe -ffast-math -Wall -Wno-sign-compare -Wno-unused-parameter -Wno-switch -DHAVE_SETRLIMIT  -I../common -I/usr/include -I/usr/local/include/mysql conftest.c >&5
configure:5074: $? = 0
configure:5088: result: yes
configure:5092: checking mysql.h presence
configure:5107: gcc -E  -I../common -I/usr/include -I/usr/local/include/mysql conftest.c
configure:5113: $? = 0
configure:5127: result: yes
configure:5155: checking for mysql.h
configure:5162: result: yes
configure:5176: checking MySQL library (optional)
configure:5179: result: yes (5.0.67)
configure:5216: checking for pcre_study in -lpcre
configure:5251: gcc -o conftest.exe -g -O2 -pipe -ffast-math -Wall -Wno-sign-compare -Wno-unused-parameter -Wno-switch -DHAVE_SETRLIMIT  -I../common -I/usr/include  -L/usr/lib conftest.c -lpcre  -lm -lz  >&5
configure:5257: $? = 0
configure:5275: result: yes
configure:5359: checking PCRE library (optional)
configure:5362: result: yes
configure:5386: checking host OS
configure:5389: result: CYGWIN_NT-5.1
configure:5414: checking for MinGW
configure:5425: result: no
configure:5562: creating ./config.status

## ---------------------- ##
## Running config.status. ##
## ---------------------- ##

This file was extended by config.status, which was
generated by GNU Autoconf 2.61.  Invocation command line was

  CONFIG_FILES    = 
  CONFIG_HEADERS  = 
  CONFIG_LINKS    = 
  CONFIG_COMMANDS = 
  $ ./config.status 

on bowie

config.status:594: creating Makefile
config.status:594: creating src/common/Makefile
config.status:594: creating src/char/Makefile
config.status:594: creating src/login/Makefile
config.status:594: creating src/ladmin/Makefile
config.status:594: creating src/char_sql/Makefile
config.status:594: creating src/login_sql/Makefile
config.status:594: creating src/txt-converter/Makefile
config.status:594: creating src/map/Makefile
config.status:594: creating src/plugins/Makefile
config.status:594: creating src/tool/Makefile

## ---------------- ##
## Cache variables. ##
## ---------------- ##

ac_cv_c_bigendian=no
ac_cv_c_compiler_gnu=yes
ac_cv_env_CC_set=
ac_cv_env_CC_value=
ac_cv_env_CFLAGS_set=
ac_cv_env_CFLAGS_value=
ac_cv_env_CPPFLAGS_set=
ac_cv_env_CPPFLAGS_value=
ac_cv_env_CPP_set=
ac_cv_env_CPP_value=
ac_cv_env_LDFLAGS_set=
ac_cv_env_LDFLAGS_value=
ac_cv_env_LIBS_set=
ac_cv_env_LIBS_value=
ac_cv_env_build_alias_set=
ac_cv_env_build_alias_value=
ac_cv_env_host_alias_set=
ac_cv_env_host_alias_value=
ac_cv_env_target_alias_set=
ac_cv_env_target_alias_value=
ac_cv_exeext=.exe
ac_cv_func_setrlimit=yes
ac_cv_header_inttypes_h=yes
ac_cv_header_memory_h=yes
ac_cv_header_mysql_h=yes
ac_cv_header_stdc=yes
ac_cv_header_stdint_h=yes
ac_cv_header_stdlib_h=yes
ac_cv_header_string_h=yes
ac_cv_header_strings_h=yes
ac_cv_header_sys_stat_h=yes
ac_cv_header_sys_types_h=yes
ac_cv_header_unistd_h=yes
ac_cv_header_zlib_h=yes
ac_cv_lib_m_sqrt=yes
ac_cv_lib_mysqlclient_mysql_init=yes
ac_cv_lib_pcre_pcre_study=yes
ac_cv_lib_rt_clock_gettime=no
ac_cv_lib_z_inflateEnd=yes
ac_cv_objext=o
ac_cv_path_EGREP='/usr/bin/grep -E'
ac_cv_path_GREP=/usr/bin/grep
ac_cv_path_MYSQL_CONFIG_HOME=/usr/local/bin/mysql_config
ac_cv_prog_CPP='gcc -E'
ac_cv_prog_ac_ct_CC=gcc
ac_cv_prog_cc_c89=
ac_cv_prog_cc_g=yes
ac_cv_prog_make_make_set=yes

## ----------------- ##
## Output variables. ##
## ----------------- ##

CC='gcc'
CFLAGS='-g -O2 -pipe -ffast-math -Wall -Wno-sign-compare -Wno-unused-parameter -Wno-switch -DHAVE_SETRLIMIT'
CPP='gcc -E'
CPPFLAGS=' -I../common -I/usr/include -DFD_SETSIZE=4096 -DCYGWIN'
DEFS='-DPACKAGE_NAME=\"\" -DPACKAGE_TARNAME=\"\" -DPACKAGE_VERSION=\"\" -DPACKAGE_STRING=\"\" -DPACKAGE_BUGREPORT=\"\" -DSTDC_HEADERS=1 -DHAVE_SYS_TYPES_H=1 -DHAVE_SYS_STAT_H=1 -DHAVE_STDLIB_H=1 -DHAVE_STRING_H=1 -DHAVE_MEMORY_H=1 -DHAVE_STRINGS_H=1 -DHAVE_INTTYPES_H=1 -DHAVE_STDINT_H=1 -DHAVE_UNISTD_H=1 -DHAVE_LIBZ=1 -DHAVE_LIBM=1'
DLLEXT='.dll'
ECHO_C=''
ECHO_N='-n'
ECHO_T=''
EGREP='/usr/bin/grep -E'
EXEEXT='.exe'
GREP='/usr/bin/grep'
HAVE_MYSQL='yes'
HAVE_PCRE='yes'
LDFLAGS=' -L/usr/lib'
LIBOBJS=''
LIBS='-lm -lz '
LTLIBOBJS=''
MYSQL_CFLAGS='-I/usr/local/include/mysql'
MYSQL_CONFIG_HOME='/usr/local/bin/mysql_config'
MYSQL_LIBS='-L/usr/local/lib/mysql -lmysqlclient -lz -lcrypt -lm'
MYSQL_VERSION='5.0.67'
OBJEXT='o'
PACKAGE_BUGREPORT=''
PACKAGE_NAME=''
PACKAGE_STRING=''
PACKAGE_TARNAME=''
PACKAGE_VERSION=''
PATH_SEPARATOR=':'
PCRE_CFLAGS=''
PCRE_LIBS='-lpcre'
SET_MAKE=''
SHELL='/bin/sh'
ac_ct_CC='gcc'
bindir='${exec_prefix}/bin'
build_alias=''
datadir='${datarootdir}'
datarootdir='${prefix}/share'
docdir='${datarootdir}/doc/${PACKAGE}'
dvidir='${docdir}'
exec_prefix='${prefix}'
host_alias=''
htmldir='${docdir}'
includedir='${prefix}/include'
infodir='${datarootdir}/info'
libdir='${exec_prefix}/lib'
libexecdir='${exec_prefix}/libexec'
localedir='${datarootdir}/locale'
localstatedir='${prefix}/var'
mandir='${datarootdir}/man'
oldincludedir='/usr/include'
pdfdir='${docdir}'
prefix='/usr/local'
program_transform_name='s,x,x,'
psdir='${docdir}'
sbindir='${exec_prefix}/sbin'
sharedstatedir='${prefix}/com'
sysconfdir='${prefix}/etc'
target_alias=''

## ----------- ##
## confdefs.h. ##
## ----------- ##

#define PACKAGE_NAME ""
#define PACKAGE_TARNAME ""
#define PACKAGE_VERSION ""
#define PACKAGE_STRING ""
#define PACKAGE_BUGREPORT ""
#define STDC_HEADERS 1
#define HAVE_SYS_TYPES_H 1
#define HAVE_SYS_STAT_H 1
#define HAVE_STDLIB_H 1
#define HAVE_STRING_H 1
#define HAVE_MEMORY_H 1
#define HAVE_STRINGS_H 1
#define HAVE_INTTYPES_H 1
#define HAVE_STDINT_H 1
#define HAVE_UNISTD_H 1
#define HAVE_LIBZ 1
#define HAVE_LIBM 1

configure: exit 0
