[17/11/2008 20:21:42]Status>Memory manager initialised: log/login-server_sql.leaks
[17/11/2008 20:21:42]Info>SVN Revision: '13369'.
[17/11/2008 20:21:42]Status>Done loading plugin 'UPnP'
[17/11/2008 20:21:42]Info>Reading configuration file conf/login_athena.conf...
[17/11/2008 20:21:42]Status>set login_port : 6900
[17/11/2008 20:21:42]Info>Console Silent Setting: 0
[17/11/2008 20:21:42]Info>Reading configuration file conf/import/login_conf.txt...
[17/11/2008 20:21:42]Info>Finished reading conf/import/login_conf.txt.
[17/11/2008 20:21:42]Info>Finished reading conf/login_athena.conf.
[17/11/2008 20:21:42]Info>reading configuration file conf/inter_athena.conf...
[17/11/2008 20:21:42]Info>reading configuration file conf/import/inter_conf.txt...
[17/11/2008 20:21:42]Info>Done reading conf/import/inter_conf.txt.
[17/11/2008 20:21:42]Info>Done reading conf/inter_athena.conf.
[17/11/2008 20:21:42]Info>Reading the configuration file conf/subnet_athena.conf...
[17/11/2008 20:21:42]Status>Read information about 1 subnetworks.
[17/11/2008 20:21:42]Status>Login server init....
[17/11/2008 20:21:42]Status>Connect Login Database Server....
[17/11/2008 20:21:42]Status>Connect success!
[17/11/2008 20:21:42]Status>The login-server is ready (Server is listening on the port 6900).
[17/11/2008 20:22:04]Info>**** SERVER WAS SHUTDOWN MANUALLY ****
[17/11/2008 20:23:02]Status>Memory manager initialised: log/login-server_sql.leaks
[17/11/2008 20:23:02]Info>SVN Revision: '13369'.
[17/11/2008 20:23:02]Status>Done loading plugin 'UPnP'
[17/11/2008 20:23:02]Info>Reading configuration file conf/login_athena.conf...
[17/11/2008 20:23:02]Status>set login_port : 6900
[17/11/2008 20:23:02]Info>Console Silent Setting: 0
[17/11/2008 20:23:02]Info>Reading configuration file conf/import/login_conf.txt...
[17/11/2008 20:23:02]Info>Finished reading conf/import/login_conf.txt.
[17/11/2008 20:23:02]Info>Finished reading conf/login_athena.conf.
[17/11/2008 20:23:02]Info>reading configuration file conf/inter_athena.conf...
[17/11/2008 20:23:02]Info>reading configuration file conf/import/inter_conf.txt...
[17/11/2008 20:23:02]Info>Done reading conf/import/inter_conf.txt.
[17/11/2008 20:23:02]Info>Done reading conf/inter_athena.conf.
[17/11/2008 20:23:02]Info>Reading the configuration file conf/subnet_athena.conf...
[17/11/2008 20:23:02]Status>Read information about 1 subnetworks.
[17/11/2008 20:23:02]Status>Login server init....
[17/11/2008 20:23:02]Status>Connect Login Database Server....
[17/11/2008 20:23:02]Status>Connect success!
[17/11/2008 20:23:02]Status>The login-server is ready (Server is listening on the port 6900).
[17/11/2008 20:23:13]Info>**** SERVER WAS SHUTDOWN MANUALLY ****
[17/11/2008 20:23:43]Status>Memory manager initialised: log/login-server_sql.leaks
[17/11/2008 20:23:43]Info>SVN Revision: '13369'.
[17/11/2008 20:23:43]Status>Done loading plugin 'UPnP'
[17/11/2008 20:23:43]Info>Reading configuration file conf/login_athena.conf...
[17/11/2008 20:23:43]Status>set login_port : 6900
[17/11/2008 20:23:43]Info>Console Silent Setting: 0
[17/11/2008 20:23:43]Info>Reading configuration file conf/import/login_conf.txt...
[17/11/2008 20:23:43]Info>Finished reading conf/import/login_conf.txt.
[17/11/2008 20:23:43]Info>Finished reading conf/login_athena.conf.
[17/11/2008 20:23:43]Info>reading configuration file conf/inter_athena.conf...
[17/11/2008 20:23:43]Info>reading configuration file conf/import/inter_conf.txt...
[17/11/2008 20:23:43]Info>Done reading conf/import/inter_conf.txt.
[17/11/2008 20:23:43]Info>Done reading conf/inter_athena.conf.
[17/11/2008 20:23:43]Info>Reading the configuration file conf/subnet_athena.conf...
[17/11/2008 20:23:43]Status>Read information about 1 subnetworks.
[17/11/2008 20:23:43]Status>Login server init....
[17/11/2008 20:23:43]Status>Connect Login Database Server....
[17/11/2008 20:23:43]Status>Connect success!
[17/11/2008 20:23:43]Status>The login-server is ready (Server is listening on the port 6900).
[17/11/2008 20:23:44]Info>Connection request of the char-server 'eAthena' @ 192.168.1.2:6121 (account: 's1', pass: 'p1', ip: '192.168.1.2')
[17/11/2008 20:23:44]Status>Connection of the char-server 'eAthena' accepted.
[17/11/2008 21:15:42]Info>**** SERVER WAS SHUTDOWN MANUALLY ****
[17/11/2008 21:17:53]Status>Memory manager initialised: log/login-server_sql.leaks
[17/11/2008 21:17:53]Info>SVN Revision: '13369'.
[17/11/2008 21:17:53]Status>Done loading plugin 'UPnP'
[17/11/2008 21:17:53]Info>Reading configuration file conf/login_athena.conf...
[17/11/2008 21:17:53]Status>set login_port : 6900
[17/11/2008 21:17:53]Info>Console Silent Setting: 0
[17/11/2008 21:17:53]Info>Reading configuration file conf/import/login_conf.txt...
[17/11/2008 21:17:53]Info>Finished reading conf/import/login_conf.txt.
[17/11/2008 21:17:53]Info>Finished reading conf/login_athena.conf.
[17/11/2008 21:17:53]Info>reading configuration file conf/inter_athena.conf...
[17/11/2008 21:17:53]Info>reading configuration file conf/import/inter_conf.txt...
[17/11/2008 21:17:53]Info>Done reading conf/import/inter_conf.txt.
[17/11/2008 21:17:53]Info>Done reading conf/inter_athena.conf.
[17/11/2008 21:17:53]Info>Reading the configuration file conf/subnet_athena.conf...
[17/11/2008 21:17:53]Status>Read information about 1 subnetworks.
[17/11/2008 21:17:53]Status>Login server init....
[17/11/2008 21:17:53]Status>Connect Login Database Server....
[17/11/2008 21:17:53]Status>Connect success!
[17/11/2008 21:17:53]Status>The login-server is ready (Server is listening on the port 6900).
[17/11/2008 21:17:55]Info>Connection request of the char-server 'eAthena' @ 192.168.1.2:6121 (account: 's1', pass: 'p1', ip: '192.168.1.2')
[17/11/2008 21:17:55]Status>Connection of the char-server 'eAthena' accepted.
[17/11/2008 21:21:45]Info>**** SERVER RESTARTING FROM USER REQUEST ****
[17/11/2008 21:21:47]Status>Memory manager initialised: log/login-server_sql.leaks
[17/11/2008 21:21:47]Info>SVN Revision: '13369'.
[17/11/2008 21:21:47]Status>Done loading plugin 'UPnP'
[17/11/2008 21:21:48]Info>Reading configuration file conf/login_athena.conf...
[17/11/2008 21:21:48]Status>set login_port : 6900
[17/11/2008 21:21:48]Info>Console Silent Setting: 0
[17/11/2008 21:21:48]Info>Reading configuration file conf/import/login_conf.txt...
[17/11/2008 21:21:48]Info>Finished reading conf/import/login_conf.txt.
[17/11/2008 21:21:48]Info>Finished reading conf/login_athena.conf.
[17/11/2008 21:21:48]Info>reading configuration file conf/inter_athena.conf...
[17/11/2008 21:21:48]Info>reading configuration file conf/import/inter_conf.txt...
[17/11/2008 21:21:48]Info>Done reading conf/import/inter_conf.txt.
[17/11/2008 21:21:48]Info>Done reading conf/inter_athena.conf.
[17/11/2008 21:21:48]Info>Reading the configuration file conf/subnet_athena.conf...
[17/11/2008 21:21:48]Status>Read information about 1 subnetworks.
[17/11/2008 21:21:48]Status>Login server init....
[17/11/2008 21:21:48]Status>Connect Login Database Server....
[17/11/2008 21:21:48]Status>Connect success!
[17/11/2008 21:21:49]Status>The login-server is ready (Server is listening on the port 6900).
[17/11/2008 21:21:50]Info>Connection request of the char-server 'eAthena' @ 192.168.1.2:6121 (account: 's1', pass: 'p1', ip: '192.168.1.2')
[17/11/2008 21:21:50]Status>Connection of the char-server 'eAthena' accepted.
[17/11/2008 21:22:30]Info>**** SERVER WAS SHUTDOWN MANUALLY ****
